21.03.2022 11:38:46 [main] INFO  by.belstu.it.artem.Main  - Starting program
21.03.2022 11:38:46 [main] INFO  assortment.Assortment  - 	
* Added Assortment
21.03.2022 11:38:46 [main] INFO  assortment.Assortment  - 	
* Added Assortment
21.03.2022 11:38:46 [main] INFO  assortment.Assortment  - 	
* Added Assortment
21.03.2022 11:38:46 [main] INFO  assortment.Assortment  - 	
* Added Assortment
21.03.2022 11:38:46 [main] INFO  assortment.Assortment  - 	
* Added Assortment
21.03.2022 11:38:46 [main] INFO  assortment.Assortment  - 	
* Added Assortment
21.03.2022 11:38:46 [main] INFO  assortment.Assortment  - 	
* Added Assortment
21.03.2022 11:38:46 [main] INFO  seller.Seller  - 
====== Sorted by Publication Year ======
21.03.2022 11:38:46 [main] INFO  assortment.Assortment  - 	
* Added Assortment
21.03.2022 11:38:46 [main] INFO  seller.Seller  - 
====== Add New Assortment! ======
21.03.2022 11:38:46 [main] INFO  assortment.Assortment  - 	
* Added Assortment
21.03.2022 11:38:46 [main] INFO  seller.Seller  - 
====== Delete Assortment! ======
21.03.2022 11:47:49 [main] INFO  by.belstu.it.artem.Main  - Starting program
21.03.2022 11:47:49 [main] INFO  assortment.Assortment  - 	
* Added Assortment
21.03.2022 11:47:49 [main] INFO  assortment.Assortment  - 	
* Added Assortment
21.03.2022 11:47:49 [main] INFO  assortment.Assortment  - 	
* Added Assortment
21.03.2022 11:47:49 [main] INFO  assortment.Assortment  - 	
* Added Assortment
21.03.2022 11:47:49 [main] INFO  assortment.Assortment  - 	
* Added Assortment
21.03.2022 11:47:49 [main] INFO  assortment.Assortment  - 	
* Added Assortment
21.03.2022 11:47:49 [main] INFO  assortment.Assortment  - 	
* Added Assortment
21.03.2022 11:47:49 [main] INFO  seller.Seller  - 
====== Sorted by Publication Year ======
21.03.2022 11:47:49 [main] INFO  assortment.Assortment  - 	
* Added Assortment
21.03.2022 11:47:49 [main] INFO  seller.Seller  - 
====== Add New Assortment! ======
21.03.2022 11:47:49 [main] INFO  assortment.Assortment  - 	
* Added Assortment
21.03.2022 11:47:49 [main] INFO  seller.Seller  - 
====== Delete Assortment! ======
21.03.2022 11:54:22 [main] INFO  by.belstu.it.artem.Main  - Starting program
21.03.2022 11:54:22 [main] INFO  assortment.Assortment  - 	
* Added Assortment
21.03.2022 11:54:22 [main] INFO  assortment.Assortment  - 	
* Added Assortment
21.03.2022 11:54:22 [main] INFO  assortment.Assortment  - 	
* Added Assortment
21.03.2022 11:54:22 [main] INFO  assortment.Assortment  - 	
* Added Assortment
21.03.2022 11:54:22 [main] INFO  assortment.Assortment  - 	
* Added Assortment
21.03.2022 11:54:22 [main] INFO  assortment.Assortment  - 	
* Added Assortment
21.03.2022 11:54:22 [main] INFO  assortment.Assortment  - 	
* Added Assortment
21.03.2022 11:54:22 [main] INFO  seller.Seller  - 
====== Sorted by Publication Year ======
21.03.2022 11:54:22 [main] INFO  assortment.Assortment  - 	
* Added Assortment
21.03.2022 11:54:22 [main] INFO  seller.Seller  - 
====== Add New Assortment! ======
21.03.2022 11:54:22 [main] INFO  assortment.Assortment  - 	
* Added Assortment
21.03.2022 11:54:22 [main] INFO  seller.Seller  - 
====== Delete Assortment! ======
21.03.2022 11:54:47 [main] INFO  by.belstu.it.artem.Main  - Starting program
21.03.2022 11:54:47 [main] INFO  assortment.Assortment  - 	
* Added Assortment
21.03.2022 11:54:47 [main] INFO  assortment.Assortment  - 	
* Added Assortment
21.03.2022 11:54:47 [main] INFO  assortment.Assortment  - 	
* Added Assortment
21.03.2022 11:54:47 [main] INFO  assortment.Assortment  - 	
* Added Assortment
21.03.2022 11:54:47 [main] INFO  assortment.Assortment  - 	
* Added Assortment
21.03.2022 11:54:47 [main] INFO  assortment.Assortment  - 	
* Added Assortment
21.03.2022 11:54:47 [main] INFO  assortment.Assortment  - 	
* Added Assortment
21.03.2022 11:54:47 [main] INFO  seller.Seller  - 
====== Sorted by Publication Year ======
21.03.2022 11:54:47 [main] INFO  assortment.Assortment  - 	
* Added Assortment
21.03.2022 11:54:47 [main] INFO  seller.Seller  - 
====== Add New Assortment! ======
21.03.2022 11:54:47 [main] INFO  assortment.Assortment  - 	
* Added Assortment
21.03.2022 11:54:47 [main] INFO  seller.Seller  - 
====== Delete Assortment! ======
21.03.2022 12:07:34 [main] INFO  by.belstu.it.artem.Main  - Starting program
21.03.2022 12:07:34 [main] INFO  assortment.Assortment  - 	
* Added Assortment
21.03.2022 12:07:34 [main] INFO  assortment.Assortment  - 	
* Added Assortment
21.03.2022 12:07:34 [main] INFO  assortment.Assortment  - 	
* Added Assortment
21.03.2022 12:07:34 [main] INFO  assortment.Assortment  - 	
* Added Assortment
21.03.2022 12:07:34 [main] INFO  assortment.Assortment  - 	
* Added Assortment
21.03.2022 12:07:34 [main] INFO  assortment.Assortment  - 	
* Added Assortment
21.03.2022 12:07:34 [main] INFO  assortment.Assortment  - 	
* Added Assortment
21.03.2022 12:07:34 [main] INFO  seller.Seller  - 
====== Sorted by Publication Year ======
21.03.2022 12:07:34 [main] INFO  assortment.Assortment  - 	
* Added Assortment
21.03.2022 12:07:34 [main] INFO  seller.Seller  - 
====== Add New Assortment! ======
21.03.2022 12:07:34 [main] INFO  assortment.Assortment  - 	
* Added Assortment
21.03.2022 12:07:34 [main] INFO  seller.Seller  - 
====== Delete Assortment! ======
21.03.2022 12:23:20 [main] INFO  by.belstu.it.artem.Main  - Starting program
21.03.2022 12:23:20 [main] INFO  assortment.Assortment  - 	
* Added Assortment
21.03.2022 12:23:20 [main] INFO  assortment.Assortment  - 	
* Added Assortment
21.03.2022 12:23:20 [main] INFO  assortment.Assortment  - 	
* Added Assortment
21.03.2022 12:23:20 [main] INFO  assortment.Assortment  - 	
* Added Assortment
21.03.2022 12:23:20 [main] INFO  assortment.Assortment  - 	
* Added Assortment
21.03.2022 12:23:20 [main] INFO  assortment.Assortment  - 	
* Added Assortment
21.03.2022 12:23:20 [main] INFO  assortment.Assortment  - 	
* Added Assortment
21.03.2022 12:23:20 [main] INFO  seller.Seller  - 
====== Sorted by Publication Year ======
21.03.2022 12:23:20 [main] INFO  assortment.Assortment  - 	
* Added Assortment
21.03.2022 12:23:20 [main] INFO  seller.Seller  - 
====== Add New Assortment! ======
21.03.2022 12:23:20 [main] INFO  assortment.Assortment  - 	
* Added Assortment
21.03.2022 12:23:20 [main] INFO  seller.Seller  - 
====== Delete Assortment! ======
21.03.2022 12:23:21 [main] FATAL by.belstu.it.artem.Main  - Fatal error! \files\Serialize.json (Системе не удается найти указанный путь)
21.03.2022 15:37:07 [main] INFO  by.belstu.it.artem.Main  - Starting program
21.03.2022 15:37:07 [main] INFO  assortment.Assortment  - 	
* Added Assortment
21.03.2022 15:37:07 [main] INFO  assortment.Assortment  - 	
* Added Assortment
21.03.2022 15:37:07 [main] INFO  assortment.Assortment  - 	
* Added Assortment
21.03.2022 15:37:07 [main] INFO  assortment.Assortment  - 	
* Added Assortment
21.03.2022 15:37:07 [main] INFO  assortment.Assortment  - 	
* Added Assortment
21.03.2022 15:37:07 [main] INFO  assortment.Assortment  - 	
* Added Assortment
21.03.2022 15:37:07 [main] INFO  assortment.Assortment  - 	
* Added Assortment
21.03.2022 15:37:07 [main] INFO  seller.Seller  - 
====== Sorted by Publication Year ======
21.03.2022 15:37:07 [main] INFO  assortment.Assortment  - 	
* Added Assortment
21.03.2022 15:37:07 [main] INFO  seller.Seller  - 
====== Add New Assortment! ======
21.03.2022 15:37:07 [main] INFO  assortment.Assortment  - 	
* Added Assortment
21.03.2022 15:37:07 [main] INFO  seller.Seller  - 
====== Delete Assortment! ======
21.03.2022 15:37:08 [main] FATAL by.belstu.it.artem.Main  - Fatal error! \files\Serialize.json (Системе не удается найти указанный путь)
